<?xml version="1.0" encoding="UTF-8"?>
<!-- Generated by org.testng.reporters.JUnitReportReporter -->
<testsuite hostname="NODE158" name="com.selenium.p1.FlightCount" tests="1" failures="0" timestamp="20 Oct 2016 08:10:59 GMT" time="109.487" errors="0">
  <testcase name="testIRCTC" time="109.487" classname="com.selenium.p1.FlightCount"/>
</testsuite> <!-- com.selenium.p1.FlightCount -->
